d:\dev\console apps\compeus\temp\compeus\win32\release\vc143.pdb
d:\dev\console apps\compeus\temp\compeus\win32\release\timestamp.obj
d:\dev\console apps\compeus\temp\compeus\win32\release\system.obj
d:\dev\console apps\compeus\temp\compeus\win32\release\snapshot.obj
d:\dev\console apps\compeus\temp\compeus\win32\release\logger.obj
d:\dev\console apps\compeus\temp\compeus\win32\release\listener.obj
d:\dev\console apps\compeus\temp\compeus\win32\release\launcher.obj
d:\dev\console apps\compeus\temp\compeus\win32\release\infinitethread.obj
d:\dev\console apps\compeus\temp\compeus\win32\release\document.obj
d:\dev\console apps\compeus\temp\compeus\win32\release\compeus.obj
d:\dev\console apps\compeus\temp\compeus\win32\release\command.obj
d:\dev\console apps\compeus\output\compeus\win32\release\compeus.exe
d:\dev\console apps\compeus\temp\compeus\win32\release\compeus.ipdb
d:\dev\console apps\compeus\temp\compeus\win32\release\compeus.iobj
d:\dev\console apps\compeus\output\compeus\win32\release\compeus.pdb
d:\dev\console apps\compeus\temp\compeus\win32\release\compeus.vcxproj.filelistabsolute.txt
d:\dev\console apps\compeus\temp\compeus\win32\release\compeus.tlog\cl.command.1.tlog
d:\dev\console apps\compeus\temp\compeus\win32\release\compeus.tlog\cl.read.1.tlog
d:\dev\console apps\compeus\temp\compeus\win32\release\compeus.tlog\cl.write.1.tlog
d:\dev\console apps\compeus\temp\compeus\win32\release\compeus.tlog\link.command.1.tlog
d:\dev\console apps\compeus\temp\compeus\win32\release\compeus.tlog\link.read.1.tlog
d:\dev\console apps\compeus\temp\compeus\win32\release\compeus.tlog\link.write.1.tlog
